<?xml version="1.0" encoding="UTF-8"?>
<!-- Generated by org.testng.reporters.JUnitXMLReporter -->
<testsuite ignored="20" hostname="Dellsys66-PC" failures="1" tests="2" name="Test" time="89.483" errors="0" timestamp="2024-11-25T17:50:22 IST">
  <testcase classname="testCases.TC021_CourtOrderedInvestigation" name="verifyCourtOrderInvestigation" time="31.577">
    <failure type="org.openqa.selenium.TimeoutException" message="Expected condition failed: waiting for element to be clickable: Proxy element for: DefaultElementLocator &amp;apos;By.xpath: //img[@src=&amp;apos;assets/images/hamburger.png&amp;apos;]&amp;apos; (tried for 20 second(s) with 500 milliseconds interval)">
      <![CDATA[org.openqa.selenium.TimeoutException: Expected condition failed: waiting for element to be clickable: Proxy element for: DefaultElementLocator 'By.xpath: //img[@src='assets/images/hamburger.png']' (tried for 20 second(s) with 500 milliseconds interval)
at org.openqa.selenium.support.ui.WebDriverWait.timeoutException(WebDriverWait.java:84)
at org.openqa.selenium.support.ui.FluentWait.until(FluentWait.java:228)
at pageObjects.RegisterMBC.MenuButton(RegisterMBC.java:98)
at testCases.TC021_CourtOrderedInvestigation.verifyCourtOrderInvestigation(TC021_CourtOrderedInvestigation.java:35)
at java.base/java.util.ArrayList.forEach(ArrayList.java:1597)
Caused by: org.openqa.selenium.NoSuchElementException: no such element: Unable to locate element: {"method":"xpath","selector":"//img[@src='assets/images/hamburger.png']"}
  (Session info: chrome=131.0.6778.86)
For documentation on this error, please visit: https://www.selenium.dev/documentation/webdriver/troubleshooting/errors#no-such-element-exception
Build info: version: '4.25.0', revision: '8a8aea2337'
System info: os.name: 'Windows 10', os.arch: 'amd64', os.version: '10.0', java.version: '22.0.1'
Driver info: org.openqa.selenium.chrome.ChromeDriver
Command: [76e23267548d78871a04eb4b1d35653e, findElement {using=xpath, value=//img[@src='assets/images/hamburger.png']}]
Capabilities {acceptInsecureCerts: false, browserName: chrome, browserVersion: 131.0.6778.86, chrome: {chromedriverVersion: 131.0.6778.85 (3d81e41b6f3a..., userDataDir: C:\Users\sl196\AppData\Loca...}, fedcm:accounts: true, goog:chromeOptions: {debuggerAddress: localhost:58626}, networkConnectionEnabled: false, pageLoadStrategy: normal, platformName: windows, proxy: Proxy(), se:cdp: ws://localhost:58626/devtoo..., se:cdpVersion: 131.0.6778.86, setWindowRect: true, strictFileInteractability: false, timeouts: {implicit: 0, pageLoad: 300000, script: 30000}, unhandledPromptBehavior: dismiss and notify, webauthn:extension:credBlob: true, webauthn:extension:largeBlob: true, webauthn:extension:minPinLength: true, webauthn:extension:prf: true, webauthn:virtualAuthenticators: true}
Session ID: 76e23267548d78871a04eb4b1d35653e
at org.openqa.selenium.remote.ErrorCodec.decode(ErrorCodec.java:167)
at org.openqa.selenium.remote.codec.w3c.W3CHttpResponseCodec.decode(W3CHttpResponseCodec.java:138)
at org.openqa.selenium.remote.codec.w3c.W3CHttpResponseCodec.decode(W3CHttpResponseCodec.java:50)
at org.openqa.selenium.remote.HttpCommandExecutor.execute(HttpCommandExecutor.java:190)
at org.openqa.selenium.remote.service.DriverCommandExecutor.invokeExecute(DriverCommandExecutor.java:216)
at org.openqa.selenium.remote.service.DriverCommandExecutor.execute(DriverCommandExecutor.java:174)
at org.openqa.selenium.remote.RemoteWebDriver.execute(RemoteWebDriver.java:545)
at org.openqa.selenium.remote.ElementLocation$ElementFinder$2.findElement(ElementLocation.java:165)
at org.openqa.selenium.remote.ElementLocation.findElement(ElementLocation.java:59)
at org.openqa.selenium.remote.RemoteWebDriver.findElement(RemoteWebDriver.java:368)
at org.openqa.selenium.remote.RemoteWebDriver.findElement(RemoteWebDriver.java:362)
at org.openqa.selenium.support.pagefactory.DefaultElementLocator.findElement(DefaultElementLocator.java:68)
at org.openqa.selenium.support.pagefactory.internal.LocatingElementHandler.invoke(LocatingElementHandler.java:38)
at jdk.proxy2/jdk.proxy2.$Proxy31.isDisplayed(Unknown Source)
at org.openqa.selenium.support.ui.ExpectedConditions.elementIfVisible(ExpectedConditions.java:304)
at org.openqa.selenium.support.ui.ExpectedConditions$10.apply(ExpectedConditions.java:290)
at org.openqa.selenium.support.ui.ExpectedConditions$10.apply(ExpectedConditions.java:287)
at org.openqa.selenium.support.ui.ExpectedConditions$23.apply(ExpectedConditions.java:656)
at org.openqa.selenium.support.ui.ExpectedConditions$23.apply(ExpectedConditions.java:652)
at org.openqa.selenium.support.ui.FluentWait.until(FluentWait.java:203)
... 28 more
... Removed 28 stack frames]]>
    </failure>
  </testcase> <!-- verifyCourtOrderInvestigation -->
  <testcase classname="testCases.TC022_CourtOrderTermination" name="verifyCourtOrderTermination" time="0.254"/>
  <testcase classname="testCases.TC018_BusinessPurpose" name="verifyBusinessPurpose" time="0.0">
    <ignored/>
  </testcase> <!-- verifyBusinessPurpose -->
  <testcase classname="testCases.TC011_Loginwith_ROCAUser" name="Verify_Login_ROCAUser" time="0.0">
    <ignored/>
  </testcase> <!-- Verify_Login_ROCAUser -->
  <testcase classname="testCases.TC007_TransferShares" name="verify_TransferShares" time="0.0">
    <ignored/>
  </testcase> <!-- verify_TransferShares -->
  <testcase classname="testCases.TC016_AddNewRole" name="VerifyAddNewRole" time="0.0">
    <ignored/>
  </testcase> <!-- VerifyAddNewRole -->
  <testcase classname="testCases.TC009_ProtfolioTransactionSummary" name="verifyProfolioTransactionSummary" time="0.0">
    <ignored/>
  </testcase> <!-- verifyProfolioTransactionSummary -->
  <testcase classname="testCases.TC010_Strike_OffMBC" name="verify_StrikOffMBC" time="0.0">
    <ignored/>
  </testcase> <!-- verify_StrikOffMBC -->
  <testcase classname="testCases.TC002_RegisterMBC" name="Verify_RegisterMBC" time="0.0">
    <ignored/>
  </testcase> <!-- Verify_RegisterMBC -->
  <testcase classname="testCases.TC013_CreateRAUser" name="verify_CreateRAUser" time="0.0">
    <ignored/>
  </testcase> <!-- verify_CreateRAUser -->
  <testcase classname="testCases.TC019_BVISFC" name="verifyBVISFC" time="0.0">
    <ignored/>
  </testcase> <!-- verifyBVISFC -->
  <testcase classname="testCases.TC014_CreateROCAUser" name="verifyCreateROCAUser" time="0.0">
    <ignored/>
  </testcase> <!-- verifyCreateROCAUser -->
  <testcase classname="testCases.TC006_Amendment" name="verify_Amendment" time="0.0">
    <ignored/>
  </testcase> <!-- verify_Amendment -->
  <testcase classname="testCases.TC001_LoginPageTest" name="verify_loginpage" time="0.0">
    <ignored/>
  </testcase> <!-- verify_loginpage -->
  <testcase classname="testCases.TC012_InvestigateMBC" name="Verify_TransferShares" time="0.0">
    <ignored/>
  </testcase> <!-- Verify_TransferShares -->
  <testcase classname="testCases.TC003_CreateRegAgent" name="Verfiy_CreateRegAgent" time="0.0">
    <ignored/>
  </testcase> <!-- Verfiy_CreateRegAgent -->
  <testcase classname="testCases.TC020_FAQs" name="verifyFAQs" time="0.0">
    <ignored/>
  </testcase> <!-- verifyFAQs -->
  <testcase classname="testCases.TC008_SearchMicroBusinessCompany" name="verify_SearchMicroBusinessCompany" time="0.0">
    <ignored/>
  </testcase> <!-- verify_SearchMicroBusinessCompany -->
  <testcase classname="testCases.TC004_ExtensionofTime" name="Verify_ExtensionofTime" time="0.0">
    <ignored/>
  </testcase> <!-- Verify_ExtensionofTime -->
  <testcase classname="testCases.TC015_ModifyROCAUser" name="VerifyModifyROCAUser" time="0.0">
    <ignored/>
  </testcase> <!-- VerifyModifyROCAUser -->
  <testcase classname="testCases.TC005_AnnualReturn" name="verify_AnnualReturn" time="0.0">
    <ignored/>
  </testcase> <!-- verify_AnnualReturn -->
  <testcase classname="testCases.TC017_AppointmentofLiquidator" name="verifyAppointmentofLiquidator" time="0.0">
    <ignored/>
  </testcase> <!-- verifyAppointmentofLiquidator -->
</testsuite> <!-- Test -->
