<?xml version="1.0" encoding="UTF-8"?>
<!-- Generated by org.testng.reporters.JUnitXMLReporter -->
<testsuite ignored="0" hostname="Dellsys66-PC" failures="3" tests="13" name="chromeTest" time="422.645" errors="0" timestamp="2024-11-01T17:38:35 IST">
  <testcase classname="testCases.TC001_LoginPageTest" name="verify_loginpage" time="3.181"/>
  <testcase classname="testCases.TC002_RegisterMBC" name="Verify_RegisterMBC" time="7.206"/>
  <testcase classname="testCases.TC003_CreateRegAgent" name="Verfiy_CreateRegAgent" time="5.542"/>
  <testcase classname="testCases.TC004_ExtensionofTime" name="Verify_ExtensionofTime" time="11.637"/>
  <testcase classname="testCases.TC005_AnnualReturn" name="verify_AnnualReturn" time="3.85">
    <failure type="java.lang.AssertionError" message="null">
      <![CDATA[java.lang.AssertionError: null
at testCases.TC005_AnnualReturn.verify_AnnualReturn(TC005_AnnualReturn.java:57)
at java.base/java.util.ArrayList.forEach(ArrayList.java:1597)
... Removed 27 stack frames]]>
    </failure>
  </testcase> <!-- verify_AnnualReturn -->
  <testcase classname="testCases.TC006_Amendment" name="verify_Amendment" time="8.438"/>
  <testcase classname="testCases.TC007_TransferShares" name="verify_TransferShares" time="12.388"/>
  <testcase classname="testCases.TC008_SearchMicroBusinessCompany" name="verify_SearchMicroBusinessCompany" time="2.217">
    <failure type="java.lang.AssertionError" message="null">
      <![CDATA[java.lang.AssertionError: null
at testCases.TC008_SearchMicroBusinessCompany.verify_SearchMicroBusinessCompany(TC008_SearchMicroBusinessCompany.java:65)
at java.base/java.util.ArrayList.forEach(ArrayList.java:1597)
... Removed 27 stack frames]]>
    </failure>
  </testcase> <!-- verify_SearchMicroBusinessCompany -->
  <testcase classname="testCases.TC009_ProtfolioTransactionSummary" name="verifyProfolioTransactionSummary" time="9.92"/>
  <testcase classname="testCases.TC010_Strike_OffMBC" name="verify_StrikOffMBC" time="5.214"/>
  <testcase classname="testCases.TC011_Loginwith_ROCAUser" name="Verify_Login_ROCAUser" time="1.054"/>
  <testcase classname="testCases.TC012_InvestigateMBC" name="Verify_TransferShares" time="12.191">
    <failure type="java.lang.AssertionError" message="null">
      <![CDATA[java.lang.AssertionError: null
at testCases.TC012_InvestigateMBC.Verify_TransferShares(TC012_InvestigateMBC.java:60)
at java.base/java.util.ArrayList.forEach(ArrayList.java:1597)
... Removed 27 stack frames]]>
    </failure>
  </testcase> <!-- Verify_TransferShares -->
  <testcase classname="testCases.TC013_CreateRAUser" name="verify_CreateRAUser" time="3.231"/>
</testsuite> <!-- chromeTest -->
