<?xml version="1.0" encoding="UTF-8"?>
<!-- Generated by org.testng.reporters.JUnitXMLReporter -->
<testsuite ignored="12" hostname="Dellsys66-PC" failures="0" tests="2" name="Test" time="0.231" errors="0" timestamp="2024-11-05T15:37:05 IST">
  <testcase classname="testCases.BaseClass" name="@BeforeClass setup" time="-1.730801224403E9">
    <failure type="org.testng.TestNGException" message="
Parameter &amp;apos;os&amp;apos; is required by BeforeClass on method setup but has not been marked @Optional or defined
in D:\BlockBusterAutomationworkspace\BlockBusterTesting\testng.xml">
      <![CDATA[org.testng.TestNGException: 
Parameter 'os' is required by BeforeClass on method setup but has not been marked @Optional or defined
in D:\BlockBusterAutomationworkspace\BlockBusterTesting\testng.xml
at java.base/java.util.ArrayList.forEach(ArrayList.java:1597)
... Removed 22 stack frames]]>
    </failure>
  </testcase> <!-- @BeforeClass setup -->
  <testcase classname="testCases.BaseClass" name="@AfterClass tearDown" time="0.0">
    <skipped/>
  </testcase> <!-- @AfterClass tearDown -->
  <testcase classname="testCases.BaseClass" name="@BeforeClass setup" time="-1.730801224462E9">
    <failure type="org.testng.TestNGException" message="
Parameter &amp;apos;os&amp;apos; is required by BeforeClass on method setup but has not been marked @Optional or defined
in D:\BlockBusterAutomationworkspace\BlockBusterTesting\testng.xml">
      <![CDATA[org.testng.TestNGException: 
Parameter 'os' is required by BeforeClass on method setup but has not been marked @Optional or defined
in D:\BlockBusterAutomationworkspace\BlockBusterTesting\testng.xml
at java.base/java.util.ArrayList.forEach(ArrayList.java:1597)
... Removed 22 stack frames]]>
    </failure>
  </testcase> <!-- @BeforeClass setup -->
  <testcase classname="testCases.BaseClass" name="@AfterClass tearDown" time="0.0">
    <skipped/>
  </testcase> <!-- @AfterClass tearDown -->
  <testcase classname="testCases.TC001_LoginPageTest" name="verify_loginpage" time="0.0">
    <skipped/>
  </testcase> <!-- verify_loginpage -->
  <testcase classname="testCases.TC014_CreateROCAUser" name="verifyCreateROCAUser" time="0.0">
    <skipped/>
  </testcase> <!-- verifyCreateROCAUser -->
  <testcase classname="testCases.TC008_SearchMicroBusinessCompany" name="verify_SearchMicroBusinessCompany" time="0.0">
    <ignored/>
  </testcase> <!-- verify_SearchMicroBusinessCompany -->
  <testcase classname="testCases.TC006_Amendment" name="verify_Amendment" time="0.0">
    <ignored/>
  </testcase> <!-- verify_Amendment -->
  <testcase classname="testCases.TC010_Strike_OffMBC" name="verify_StrikOffMBC" time="0.0">
    <ignored/>
  </testcase> <!-- verify_StrikOffMBC -->
  <testcase classname="testCases.TC009_ProtfolioTransactionSummary" name="verifyProfolioTransactionSummary" time="0.0">
    <ignored/>
  </testcase> <!-- verifyProfolioTransactionSummary -->
  <testcase classname="testCases.TC005_AnnualReturn" name="verify_AnnualReturn" time="0.0">
    <ignored/>
  </testcase> <!-- verify_AnnualReturn -->
  <testcase classname="testCases.TC013_CreateRAUser" name="verify_CreateRAUser" time="0.0">
    <ignored/>
  </testcase> <!-- verify_CreateRAUser -->
  <testcase classname="testCases.TC012_InvestigateMBC" name="Verify_TransferShares" time="0.0">
    <ignored/>
  </testcase> <!-- Verify_TransferShares -->
  <testcase classname="testCases.TC002_RegisterMBC" name="Verify_RegisterMBC" time="0.0">
    <ignored/>
  </testcase> <!-- Verify_RegisterMBC -->
  <testcase classname="testCases.TC004_ExtensionofTime" name="Verify_ExtensionofTime" time="0.0">
    <ignored/>
  </testcase> <!-- Verify_ExtensionofTime -->
  <testcase classname="testCases.TC007_TransferShares" name="verify_TransferShares" time="0.0">
    <ignored/>
  </testcase> <!-- verify_TransferShares -->
  <testcase classname="testCases.TC003_CreateRegAgent" name="Verfiy_CreateRegAgent" time="0.0">
    <ignored/>
  </testcase> <!-- Verfiy_CreateRegAgent -->
  <testcase classname="testCases.TC011_Loginwith_ROCAUser" name="Verify_Login_ROCAUser" time="0.0">
    <ignored/>
  </testcase> <!-- Verify_Login_ROCAUser -->
</testsuite> <!-- Test -->
