<?xml version="1.0" encoding="UTF-8"?>
<testng-results ignored="0" total="39" passed="34" failed="5" skipped="0">
  <reporter-output>
  </reporter-output>
  <suite started-at="2024-11-01T17:31:24 IST" name="Suite" finished-at="2024-11-01T17:51:38 IST" duration-ms="1213276">
    <groups>
    </groups>
    <test started-at="2024-11-01T17:31:24 IST" name="chromeTest" finished-at="2024-11-01T17:38:27 IST" duration-ms="422645">
      <class name="testCases.TC009_ProtfolioTransactionSummary">
        <test-method is-config="true" signature="setup(java.lang.String,java.lang.String)[pri:0, instance:testCases.TC009_ProtfolioTransactionSummary@5ddabb18]" started-at="2024-11-01T17:36:04 IST" name="setup" finished-at="2024-11-01T17:36:23 IST" duration-ms="19169" status="PASS">
          <params>
            <param index="0">
              <value>
                <![CDATA[Windows]]>
              </value>
            </param>
            <param index="1">
              <value>
                <![CDATA[chrome]]>
              </value>
            </param>
          </params>
          <reporter-output>
          </reporter-output>
        </test-method> <!-- setup -->
        <test-method signature="verifyProfolioTransactionSummary()[pri:0, instance:testCases.TC009_ProtfolioTransactionSummary@5ddabb18]" started-at="2024-11-01T17:36:23 IST" name="verifyProfolioTransactionSummary" finished-at="2024-11-01T17:36:33 IST" duration-ms="9920" status="PASS">
          <reporter-output>
          </reporter-output>
        </test-method> <!-- verifyProfolioTransactionSummary -->
        <test-method is-config="true" signature="tearDown()[pri:0, instance:testCases.TC009_ProtfolioTransactionSummary@5ddabb18]" started-at="2024-11-01T17:36:33 IST" name="tearDown" finished-at="2024-11-01T17:36:33 IST" duration-ms="581" status="PASS">
          <reporter-output>
          </reporter-output>
        </test-method> <!-- tearDown -->
      </class> <!-- testCases.TC009_ProtfolioTransactionSummary -->
      <class name="testCases.TC013_CreateRAUser">
        <test-method is-config="true" signature="setup(java.lang.String,java.lang.String)[pri:0, instance:testCases.TC013_CreateRAUser@58e6d4b8]" started-at="2024-11-01T17:38:01 IST" name="setup" finished-at="2024-11-01T17:38:23 IST" duration-ms="21939" status="PASS">
          <params>
            <param index="0">
              <value>
                <![CDATA[Windows]]>
              </value>
            </param>
            <param index="1">
              <value>
                <![CDATA[chrome]]>
              </value>
            </param>
          </params>
          <reporter-output>
          </reporter-output>
        </test-method> <!-- setup -->
        <test-method signature="verify_CreateRAUser()[pri:0, instance:testCases.TC013_CreateRAUser@58e6d4b8]" started-at="2024-11-01T17:38:23 IST" name="verify_CreateRAUser" finished-at="2024-11-01T17:38:26 IST" duration-ms="3231" status="PASS">
          <reporter-output>
          </reporter-output>
        </test-method> <!-- verify_CreateRAUser -->
        <test-method is-config="true" signature="tearDown()[pri:0, instance:testCases.TC013_CreateRAUser@58e6d4b8]" started-at="2024-11-01T17:38:26 IST" name="tearDown" finished-at="2024-11-01T17:38:27 IST" duration-ms="669" status="PASS">
          <reporter-output>
          </reporter-output>
        </test-method> <!-- tearDown -->
      </class> <!-- testCases.TC013_CreateRAUser -->
      <class name="testCases.TC010_Strike_OffMBC">
        <test-method is-config="true" signature="setup(java.lang.String,java.lang.String)[pri:0, instance:testCases.TC010_Strike_OffMBC@3e8f7922]" started-at="2024-11-01T17:36:33 IST" name="setup" finished-at="2024-11-01T17:37:00 IST" duration-ms="26428" status="PASS">
          <params>
            <param index="0">
              <value>
                <![CDATA[Windows]]>
              </value>
            </param>
            <param index="1">
              <value>
                <![CDATA[chrome]]>
              </value>
            </param>
          </params>
          <reporter-output>
          </reporter-output>
        </test-method> <!-- setup -->
        <test-method signature="verify_StrikOffMBC()[pri:0, instance:testCases.TC010_Strike_OffMBC@3e8f7922]" started-at="2024-11-01T17:37:00 IST" name="verify_StrikOffMBC" finished-at="2024-11-01T17:37:05 IST" duration-ms="5214" status="PASS">
          <reporter-output>
          </reporter-output>
        </test-method> <!-- verify_StrikOffMBC -->
        <test-method is-config="true" signature="tearDown()[pri:0, instance:testCases.TC010_Strike_OffMBC@3e8f7922]" started-at="2024-11-01T17:37:05 IST" name="tearDown" finished-at="2024-11-01T17:37:06 IST" duration-ms="1354" status="PASS">
          <reporter-output>
          </reporter-output>
        </test-method> <!-- tearDown -->
      </class> <!-- testCases.TC010_Strike_OffMBC -->
      <class name="testCases.TC003_CreateRegAgent">
        <test-method is-config="true" signature="setup(java.lang.String,java.lang.String)[pri:0, instance:testCases.TC003_CreateRegAgent@470a696f]" started-at="2024-11-01T17:32:52 IST" name="setup" finished-at="2024-11-01T17:33:19 IST" duration-ms="26673" status="PASS">
          <params>
            <param index="0">
              <value>
                <![CDATA[Windows]]>
              </value>
            </param>
            <param index="1">
              <value>
                <![CDATA[chrome]]>
              </value>
            </param>
          </params>
          <reporter-output>
          </reporter-output>
        </test-method> <!-- setup -->
        <test-method signature="Verfiy_CreateRegAgent()[pri:0, instance:testCases.TC003_CreateRegAgent@470a696f]" started-at="2024-11-01T17:33:19 IST" name="Verfiy_CreateRegAgent" finished-at="2024-11-01T17:33:24 IST" duration-ms="5542" status="PASS">
          <reporter-output>
          </reporter-output>
        </test-method> <!-- Verfiy_CreateRegAgent -->
        <test-method is-config="true" signature="tearDown()[pri:0, instance:testCases.TC003_CreateRegAgent@470a696f]" started-at="2024-11-01T17:33:24 IST" name="tearDown" finished-at="2024-11-01T17:33:25 IST" duration-ms="592" status="PASS">
          <reporter-output>
          </reporter-output>
        </test-method> <!-- tearDown -->
      </class> <!-- testCases.TC003_CreateRegAgent -->
      <class name="testCases.TC008_SearchMicroBusinessCompany">
        <test-method is-config="true" signature="setup(java.lang.String,java.lang.String)[pri:0, instance:testCases.TC008_SearchMicroBusinessCompany@1c55f277]" started-at="2024-11-01T17:35:40 IST" name="setup" finished-at="2024-11-01T17:36:01 IST" duration-ms="21055" status="PASS">
          <params>
            <param index="0">
              <value>
                <![CDATA[Windows]]>
              </value>
            </param>
            <param index="1">
              <value>
                <![CDATA[chrome]]>
              </value>
            </param>
          </params>
          <reporter-output>
          </reporter-output>
        </test-method> <!-- setup -->
        <test-method signature="verify_SearchMicroBusinessCompany()[pri:0, instance:testCases.TC008_SearchMicroBusinessCompany@1c55f277]" started-at="2024-11-01T17:36:01 IST" name="verify_SearchMicroBusinessCompany" finished-at="2024-11-01T17:36:03 IST" duration-ms="2217" status="FAIL">
          <exception class="java.lang.AssertionError">
            <message>
              <![CDATA[null]]>
            </message>
            <full-stacktrace>
              <![CDATA[java.lang.AssertionError: null
at org.testng.Assert.fail(Assert.java:111)
at org.testng.Assert.fail(Assert.java:116)
at testCases.TC008_SearchMicroBusinessCompany.verify_SearchMicroBusinessCompany(TC008_SearchMicroBusinessCompany.java:65)
at java.base/jdk.internal.reflect.DirectMethodHandleAccessor.invoke(DirectMethodHandleAccessor.java:103)
at java.base/java.lang.reflect.Method.invoke(Method.java:580)
at org.testng.internal.invokers.MethodInvocationHelper.invokeMethod(MethodInvocationHelper.java:139)
at org.testng.internal.invokers.TestInvoker.invokeMethod(TestInvoker.java:664)
at org.testng.internal.invokers.TestInvoker.invokeTestMethod(TestInvoker.java:227)
at org.testng.internal.invokers.MethodRunner.runInSequence(MethodRunner.java:50)
at org.testng.internal.invokers.TestInvoker$MethodInvocationAgent.invoke(TestInvoker.java:957)
at org.testng.internal.invokers.TestInvoker.invokeTestMethods(TestInvoker.java:200)
at org.testng.internal.invokers.TestMethodWorker.invokeTestMethods(TestMethodWorker.java:148)
at org.testng.internal.invokers.TestMethodWorker.run(TestMethodWorker.java:128)
at java.base/java.util.ArrayList.forEach(ArrayList.java:1597)
at org.testng.TestRunner.privateRun(TestRunner.java:848)
at org.testng.TestRunner.run(TestRunner.java:621)
at org.testng.SuiteRunner.runTest(SuiteRunner.java:443)
at org.testng.SuiteRunner.runSequentially(SuiteRunner.java:437)
at org.testng.SuiteRunner.privateRun(SuiteRunner.java:397)
at org.testng.SuiteRunner.run(SuiteRunner.java:336)
at org.testng.SuiteRunnerWorker.runSuite(SuiteRunnerWorker.java:52)
at org.testng.SuiteRunnerWorker.run(SuiteRunnerWorker.java:95)
at org.testng.TestNG.runSuitesSequentially(TestNG.java:1280)
at org.testng.TestNG.runSuitesLocally(TestNG.java:1200)
at org.testng.TestNG.runSuites(TestNG.java:1114)
at org.testng.TestNG.run(TestNG.java:1082)
at org.testng.remote.AbstractRemoteTestNG.run(AbstractRemoteTestNG.java:115)
at org.testng.remote.RemoteTestNG.initAndRun(RemoteTestNG.java:293)
at org.testng.remote.RemoteTestNG.main(RemoteTestNG.java:91)
]]>
            </full-stacktrace>
          </exception> <!-- java.lang.AssertionError -->
          <reporter-output>
          </reporter-output>
        </test-method> <!-- verify_SearchMicroBusinessCompany -->
        <test-method is-config="true" signature="tearDown()[pri:0, instance:testCases.TC008_SearchMicroBusinessCompany@1c55f277]" started-at="2024-11-01T17:36:03 IST" name="tearDown" finished-at="2024-11-01T17:36:04 IST" duration-ms="535" status="PASS">
          <reporter-output>
          </reporter-output>
        </test-method> <!-- tearDown -->
      </class> <!-- testCases.TC008_SearchMicroBusinessCompany -->
      <class name="testCases.TC004_ExtensionofTime">
        <test-method is-config="true" signature="setup(java.lang.String,java.lang.String)[pri:0, instance:testCases.TC004_ExtensionofTime@1bc715b8]" started-at="2024-11-01T17:33:25 IST" name="setup" finished-at="2024-11-01T17:33:49 IST" duration-ms="23831" status="PASS">
          <params>
            <param index="0">
              <value>
                <![CDATA[Windows]]>
              </value>
            </param>
            <param index="1">
              <value>
                <![CDATA[chrome]]>
              </value>
            </param>
          </params>
          <reporter-output>
          </reporter-output>
        </test-method> <!-- setup -->
        <test-method signature="Verify_ExtensionofTime()[pri:0, instance:testCases.TC004_ExtensionofTime@1bc715b8]" started-at="2024-11-01T17:33:49 IST" name="Verify_ExtensionofTime" finished-at="2024-11-01T17:34:01 IST" duration-ms="11637" status="PASS">
          <reporter-output>
          </reporter-output>
        </test-method> <!-- Verify_ExtensionofTime -->
        <test-method is-config="true" signature="tearDown()[pri:0, instance:testCases.TC004_ExtensionofTime@1bc715b8]" started-at="2024-11-01T17:34:01 IST" name="tearDown" finished-at="2024-11-01T17:34:05 IST" duration-ms="4734" status="PASS">
          <reporter-output>
          </reporter-output>
        </test-method> <!-- tearDown -->
      </class> <!-- testCases.TC004_ExtensionofTime -->
      <class name="testCases.TC002_RegisterMBC">
        <test-method is-config="true" signature="setup(java.lang.String,java.lang.String)[pri:0, instance:testCases.TC002_RegisterMBC@2364305a]" started-at="2024-11-01T17:32:23 IST" name="setup" finished-at="2024-11-01T17:32:45 IST" duration-ms="21270" status="PASS">
          <params>
            <param index="0">
              <value>
                <![CDATA[Windows]]>
              </value>
            </param>
            <param index="1">
              <value>
                <![CDATA[chrome]]>
              </value>
            </param>
          </params>
          <reporter-output>
          </reporter-output>
        </test-method> <!-- setup -->
        <test-method signature="Verify_RegisterMBC()[pri:0, instance:testCases.TC002_RegisterMBC@2364305a]" started-at="2024-11-01T17:32:45 IST" name="Verify_RegisterMBC" finished-at="2024-11-01T17:32:52 IST" duration-ms="7206" status="PASS">
          <reporter-output>
          </reporter-output>
        </test-method> <!-- Verify_RegisterMBC -->
        <test-method is-config="true" signature="tearDown()[pri:0, instance:testCases.TC002_RegisterMBC@2364305a]" started-at="2024-11-01T17:32:52 IST" name="tearDown" finished-at="2024-11-01T17:32:52 IST" duration-ms="448" status="PASS">
          <reporter-output>
          </reporter-output>
        </test-method> <!-- tearDown -->
      </class> <!-- testCases.TC002_RegisterMBC -->
      <class name="testCases.TC001_LoginPageTest">
        <test-method is-config="true" signature="setup(java.lang.String,java.lang.String)[pri:0, instance:testCases.TC001_LoginPageTest@69637b10]" started-at="2024-11-01T17:31:25 IST" name="setup" finished-at="2024-11-01T17:32:19 IST" duration-ms="54270" status="PASS">
          <params>
            <param index="0">
              <value>
                <![CDATA[Windows]]>
              </value>
            </param>
            <param index="1">
              <value>
                <![CDATA[chrome]]>
              </value>
            </param>
          </params>
          <reporter-output>
          </reporter-output>
        </test-method> <!-- setup -->
        <test-method signature="verify_loginpage()[pri:0, instance:testCases.TC001_LoginPageTest@69637b10]" started-at="2024-11-01T17:32:19 IST" name="verify_loginpage" finished-at="2024-11-01T17:32:22 IST" duration-ms="3181" status="PASS">
          <reporter-output>
          </reporter-output>
        </test-method> <!-- verify_loginpage -->
        <test-method is-config="true" signature="tearDown()[pri:0, instance:testCases.TC001_LoginPageTest@69637b10]" started-at="2024-11-01T17:32:22 IST" name="tearDown" finished-at="2024-11-01T17:32:23 IST" duration-ms="1227" status="PASS">
          <reporter-output>
          </reporter-output>
        </test-method> <!-- tearDown -->
      </class> <!-- testCases.TC001_LoginPageTest -->
      <class name="testCases.TC012_InvestigateMBC">
        <test-method is-config="true" signature="setup(java.lang.String,java.lang.String)[pri:0, instance:testCases.TC012_InvestigateMBC@50eca7c6]" started-at="2024-11-01T17:37:27 IST" name="setup" finished-at="2024-11-01T17:37:47 IST" duration-ms="20655" status="PASS">
          <params>
            <param index="0">
              <value>
                <![CDATA[Windows]]>
              </value>
            </param>
            <param index="1">
              <value>
                <![CDATA[chrome]]>
              </value>
            </param>
          </params>
          <reporter-output>
          </reporter-output>
        </test-method> <!-- setup -->
        <test-method signature="Verify_TransferShares()[pri:0, instance:testCases.TC012_InvestigateMBC@50eca7c6]" started-at="2024-11-01T17:37:47 IST" name="Verify_TransferShares" finished-at="2024-11-01T17:38:00 IST" duration-ms="12191" status="FAIL">
          <exception class="java.lang.AssertionError">
            <message>
              <![CDATA[null]]>
            </message>
            <full-stacktrace>
              <![CDATA[java.lang.AssertionError: null
at org.testng.Assert.fail(Assert.java:111)
at org.testng.Assert.fail(Assert.java:116)
at testCases.TC012_InvestigateMBC.Verify_TransferShares(TC012_InvestigateMBC.java:60)
at java.base/jdk.internal.reflect.DirectMethodHandleAccessor.invoke(DirectMethodHandleAccessor.java:103)
at java.base/java.lang.reflect.Method.invoke(Method.java:580)
at org.testng.internal.invokers.MethodInvocationHelper.invokeMethod(MethodInvocationHelper.java:139)
at org.testng.internal.invokers.TestInvoker.invokeMethod(TestInvoker.java:664)
at org.testng.internal.invokers.TestInvoker.invokeTestMethod(TestInvoker.java:227)
at org.testng.internal.invokers.MethodRunner.runInSequence(MethodRunner.java:50)
at org.testng.internal.invokers.TestInvoker$MethodInvocationAgent.invoke(TestInvoker.java:957)
at org.testng.internal.invokers.TestInvoker.invokeTestMethods(TestInvoker.java:200)
at org.testng.internal.invokers.TestMethodWorker.invokeTestMethods(TestMethodWorker.java:148)
at org.testng.internal.invokers.TestMethodWorker.run(TestMethodWorker.java:128)
at java.base/java.util.ArrayList.forEach(ArrayList.java:1597)
at org.testng.TestRunner.privateRun(TestRunner.java:848)
at org.testng.TestRunner.run(TestRunner.java:621)
at org.testng.SuiteRunner.runTest(SuiteRunner.java:443)
at org.testng.SuiteRunner.runSequentially(SuiteRunner.java:437)
at org.testng.SuiteRunner.privateRun(SuiteRunner.java:397)
at org.testng.SuiteRunner.run(SuiteRunner.java:336)
at org.testng.SuiteRunnerWorker.runSuite(SuiteRunnerWorker.java:52)
at org.testng.SuiteRunnerWorker.run(SuiteRunnerWorker.java:95)
at org.testng.TestNG.runSuitesSequentially(TestNG.java:1280)
at org.testng.TestNG.runSuitesLocally(TestNG.java:1200)
at org.testng.TestNG.runSuites(TestNG.java:1114)
at org.testng.TestNG.run(TestNG.java:1082)
at org.testng.remote.AbstractRemoteTestNG.run(AbstractRemoteTestNG.java:115)
at org.testng.remote.RemoteTestNG.initAndRun(RemoteTestNG.java:293)
at org.testng.remote.RemoteTestNG.main(RemoteTestNG.java:91)
]]>
            </full-stacktrace>
          </exception> <!-- java.lang.AssertionError -->
          <reporter-output>
          </reporter-output>
        </test-method> <!-- Verify_TransferShares -->
        <test-method is-config="true" signature="tearDown()[pri:0, instance:testCases.TC012_InvestigateMBC@50eca7c6]" started-at="2024-11-01T17:38:00 IST" name="tearDown" finished-at="2024-11-01T17:38:01 IST" duration-ms="1209" status="PASS">
          <reporter-output>
          </reporter-output>
        </test-method> <!-- tearDown -->
      </class> <!-- testCases.TC012_InvestigateMBC -->
      <class name="testCases.TC007_TransferShares">
        <test-method is-config="true" signature="setup(java.lang.String,java.lang.String)[pri:0, instance:testCases.TC007_TransferShares@3f1c5af9]" started-at="2024-11-01T17:35:03 IST" name="setup" finished-at="2024-11-01T17:35:27 IST" duration-ms="23199" status="PASS">
          <params>
            <param index="0">
              <value>
                <![CDATA[Windows]]>
              </value>
            </param>
            <param index="1">
              <value>
                <![CDATA[chrome]]>
              </value>
            </param>
          </params>
          <reporter-output>
          </reporter-output>
        </test-method> <!-- setup -->
        <test-method signature="verify_TransferShares()[pri:0, instance:testCases.TC007_TransferShares@3f1c5af9]" started-at="2024-11-01T17:35:27 IST" name="verify_TransferShares" finished-at="2024-11-01T17:35:39 IST" duration-ms="12388" status="PASS">
          <reporter-output>
          </reporter-output>
        </test-method> <!-- verify_TransferShares -->
        <test-method is-config="true" signature="tearDown()[pri:0, instance:testCases.TC007_TransferShares@3f1c5af9]" started-at="2024-11-01T17:35:39 IST" name="tearDown" finished-at="2024-11-01T17:35:40 IST" duration-ms="652" status="PASS">
          <reporter-output>
          </reporter-output>
        </test-method> <!-- tearDown -->
      </class> <!-- testCases.TC007_TransferShares -->
      <class name="testCases.TC006_Amendment">
        <test-method is-config="true" signature="setup(java.lang.String,java.lang.String)[pri:0, instance:testCases.TC006_Amendment@2b491fee]" started-at="2024-11-01T17:34:34 IST" name="setup" finished-at="2024-11-01T17:34:54 IST" duration-ms="20676" status="PASS">
          <params>
            <param index="0">
              <value>
                <![CDATA[Windows]]>
              </value>
            </param>
            <param index="1">
              <value>
                <![CDATA[chrome]]>
              </value>
            </param>
          </params>
          <reporter-output>
          </reporter-output>
        </test-method> <!-- setup -->
        <test-method signature="verify_Amendment()[pri:0, instance:testCases.TC006_Amendment@2b491fee]" started-at="2024-11-01T17:34:54 IST" name="verify_Amendment" finished-at="2024-11-01T17:35:03 IST" duration-ms="8438" status="PASS">
          <reporter-output>
          </reporter-output>
        </test-method> <!-- verify_Amendment -->
        <test-method is-config="true" signature="tearDown()[pri:0, instance:testCases.TC006_Amendment@2b491fee]" started-at="2024-11-01T17:35:03 IST" name="tearDown" finished-at="2024-11-01T17:35:03 IST" duration-ms="729" status="PASS">
          <reporter-output>
          </reporter-output>
        </test-method> <!-- tearDown -->
      </class> <!-- testCases.TC006_Amendment -->
      <class name="testCases.TC005_AnnualReturn">
        <test-method is-config="true" signature="setup(java.lang.String,java.lang.String)[pri:0, instance:testCases.TC005_AnnualReturn@292d1c71]" started-at="2024-11-01T17:34:05 IST" name="setup" finished-at="2024-11-01T17:34:29 IST" duration-ms="23717" status="PASS">
          <params>
            <param index="0">
              <value>
                <![CDATA[Windows]]>
              </value>
            </param>
            <param index="1">
              <value>
                <![CDATA[chrome]]>
              </value>
            </param>
          </params>
          <reporter-output>
          </reporter-output>
        </test-method> <!-- setup -->
        <test-method signature="verify_AnnualReturn()[pri:0, instance:testCases.TC005_AnnualReturn@292d1c71]" started-at="2024-11-01T17:34:29 IST" name="verify_AnnualReturn" finished-at="2024-11-01T17:34:33 IST" duration-ms="3850" status="FAIL">
          <exception class="java.lang.AssertionError">
            <message>
              <![CDATA[null]]>
            </message>
            <full-stacktrace>
              <![CDATA[java.lang.AssertionError: null
at org.testng.Assert.fail(Assert.java:111)
at org.testng.Assert.fail(Assert.java:116)
at testCases.TC005_AnnualReturn.verify_AnnualReturn(TC005_AnnualReturn.java:57)
at java.base/jdk.internal.reflect.DirectMethodHandleAccessor.invoke(DirectMethodHandleAccessor.java:103)
at java.base/java.lang.reflect.Method.invoke(Method.java:580)
at org.testng.internal.invokers.MethodInvocationHelper.invokeMethod(MethodInvocationHelper.java:139)
at org.testng.internal.invokers.TestInvoker.invokeMethod(TestInvoker.java:664)
at org.testng.internal.invokers.TestInvoker.invokeTestMethod(TestInvoker.java:227)
at org.testng.internal.invokers.MethodRunner.runInSequence(MethodRunner.java:50)
at org.testng.internal.invokers.TestInvoker$MethodInvocationAgent.invoke(TestInvoker.java:957)
at org.testng.internal.invokers.TestInvoker.invokeTestMethods(TestInvoker.java:200)
at org.testng.internal.invokers.TestMethodWorker.invokeTestMethods(TestMethodWorker.java:148)
at org.testng.internal.invokers.TestMethodWorker.run(TestMethodWorker.java:128)
at java.base/java.util.ArrayList.forEach(ArrayList.java:1597)
at org.testng.TestRunner.privateRun(TestRunner.java:848)
at org.testng.TestRunner.run(TestRunner.java:621)
at org.testng.SuiteRunner.runTest(SuiteRunner.java:443)
at org.testng.SuiteRunner.runSequentially(SuiteRunner.java:437)
at org.testng.SuiteRunner.privateRun(SuiteRunner.java:397)
at org.testng.SuiteRunner.run(SuiteRunner.java:336)
at org.testng.SuiteRunnerWorker.runSuite(SuiteRunnerWorker.java:52)
at org.testng.SuiteRunnerWorker.run(SuiteRunnerWorker.java:95)
at org.testng.TestNG.runSuitesSequentially(TestNG.java:1280)
at org.testng.TestNG.runSuitesLocally(TestNG.java:1200)
at org.testng.TestNG.runSuites(TestNG.java:1114)
at org.testng.TestNG.run(TestNG.java:1082)
at org.testng.remote.AbstractRemoteTestNG.run(AbstractRemoteTestNG.java:115)
at org.testng.remote.RemoteTestNG.initAndRun(RemoteTestNG.java:293)
at org.testng.remote.RemoteTestNG.main(RemoteTestNG.java:91)
]]>
            </full-stacktrace>
          </exception> <!-- java.lang.AssertionError -->
          <reporter-output>
          </reporter-output>
        </test-method> <!-- verify_AnnualReturn -->
        <test-method is-config="true" signature="tearDown()[pri:0, instance:testCases.TC005_AnnualReturn@292d1c71]" started-at="2024-11-01T17:34:33 IST" name="tearDown" finished-at="2024-11-01T17:34:34 IST" duration-ms="524" status="PASS">
          <reporter-output>
          </reporter-output>
        </test-method> <!-- tearDown -->
      </class> <!-- testCases.TC005_AnnualReturn -->
      <class name="testCases.TC011_Loginwith_ROCAUser">
        <test-method is-config="true" signature="setup(java.lang.String,java.lang.String)[pri:0, instance:testCases.TC011_Loginwith_ROCAUser@63192798]" started-at="2024-11-01T17:37:06 IST" name="setup" finished-at="2024-11-01T17:37:25 IST" duration-ms="18939" status="PASS">
          <params>
            <param index="0">
              <value>
                <![CDATA[Windows]]>
              </value>
            </param>
            <param index="1">
              <value>
                <![CDATA[chrome]]>
              </value>
            </param>
          </params>
          <reporter-output>
          </reporter-output>
        </test-method> <!-- setup -->
        <test-method signature="Verify_Login_ROCAUser()[pri:0, instance:testCases.TC011_Loginwith_ROCAUser@63192798]" started-at="2024-11-01T17:37:25 IST" name="Verify_Login_ROCAUser" finished-at="2024-11-01T17:37:26 IST" duration-ms="1054" status="PASS">
          <reporter-output>
          </reporter-output>
        </test-method> <!-- Verify_Login_ROCAUser -->
        <test-method is-config="true" signature="tearDown()[pri:0, instance:testCases.TC011_Loginwith_ROCAUser@63192798]" started-at="2024-11-01T17:37:26 IST" name="tearDown" finished-at="2024-11-01T17:37:27 IST" duration-ms="551" status="PASS">
          <reporter-output>
          </reporter-output>
        </test-method> <!-- tearDown -->
      </class> <!-- testCases.TC011_Loginwith_ROCAUser -->
    </test> <!-- chromeTest -->
    <test started-at="2024-11-01T17:38:36 IST" name="edgeTest" finished-at="2024-11-01T17:45:26 IST" duration-ms="410728">
      <class name="testCases.TC009_ProtfolioTransactionSummary">
        <test-method is-config="true" signature="setup(java.lang.String,java.lang.String)[pri:0, instance:testCases.TC009_ProtfolioTransactionSummary@1cd201a8]" started-at="2024-11-01T17:42:49 IST" name="setup" finished-at="2024-11-01T17:43:11 IST" duration-ms="22628" status="PASS">
          <params>
            <param index="0">
              <value>
                <![CDATA[Windows]]>
              </value>
            </param>
            <param index="1">
              <value>
                <![CDATA[edge]]>
              </value>
            </param>
          </params>
          <reporter-output>
          </reporter-output>
        </test-method> <!-- setup -->
        <test-method signature="verifyProfolioTransactionSummary()[pri:0, instance:testCases.TC009_ProtfolioTransactionSummary@1cd201a8]" started-at="2024-11-01T17:43:11 IST" name="verifyProfolioTransactionSummary" finished-at="2024-11-01T17:43:20 IST" duration-ms="8452" status="PASS">
          <reporter-output>
          </reporter-output>
        </test-method> <!-- verifyProfolioTransactionSummary -->
        <test-method is-config="true" signature="tearDown()[pri:0, instance:testCases.TC009_ProtfolioTransactionSummary@1cd201a8]" started-at="2024-11-01T17:43:20 IST" name="tearDown" finished-at="2024-11-01T17:43:26 IST" duration-ms="5986" status="PASS">
          <reporter-output>
          </reporter-output>
        </test-method> <!-- tearDown -->
      </class> <!-- testCases.TC009_ProtfolioTransactionSummary -->
      <class name="testCases.TC013_CreateRAUser">
        <test-method is-config="true" signature="setup(java.lang.String,java.lang.String)[pri:0, instance:testCases.TC013_CreateRAUser@3276732]" started-at="2024-11-01T17:44:59 IST" name="setup" finished-at="2024-11-01T17:45:16 IST" duration-ms="17422" status="PASS">
          <params>
            <param index="0">
              <value>
                <![CDATA[Windows]]>
              </value>
            </param>
            <param index="1">
              <value>
                <![CDATA[edge]]>
              </value>
            </param>
          </params>
          <reporter-output>
          </reporter-output>
        </test-method> <!-- setup -->
        <test-method signature="verify_CreateRAUser()[pri:0, instance:testCases.TC013_CreateRAUser@3276732]" started-at="2024-11-01T17:45:16 IST" name="verify_CreateRAUser" finished-at="2024-11-01T17:45:20 IST" duration-ms="4090" status="PASS">
          <reporter-output>
          </reporter-output>
        </test-method> <!-- verify_CreateRAUser -->
        <test-method is-config="true" signature="tearDown()[pri:0, instance:testCases.TC013_CreateRAUser@3276732]" started-at="2024-11-01T17:45:20 IST" name="tearDown" finished-at="2024-11-01T17:45:26 IST" duration-ms="5754" status="PASS">
          <reporter-output>
          </reporter-output>
        </test-method> <!-- tearDown -->
      </class> <!-- testCases.TC013_CreateRAUser -->
      <class name="testCases.TC010_Strike_OffMBC">
        <test-method is-config="true" signature="setup(java.lang.String,java.lang.String)[pri:0, instance:testCases.TC010_Strike_OffMBC@7db82169]" started-at="2024-11-01T17:43:26 IST" name="setup" finished-at="2024-11-01T17:43:48 IST" duration-ms="21980" status="PASS">
          <params>
            <param index="0">
              <value>
                <![CDATA[Windows]]>
              </value>
            </param>
            <param index="1">
              <value>
                <![CDATA[edge]]>
              </value>
            </param>
          </params>
          <reporter-output>
          </reporter-output>
        </test-method> <!-- setup -->
        <test-method signature="verify_StrikOffMBC()[pri:0, instance:testCases.TC010_Strike_OffMBC@7db82169]" started-at="2024-11-01T17:43:48 IST" name="verify_StrikOffMBC" finished-at="2024-11-01T17:43:53 IST" duration-ms="4945" status="PASS">
          <reporter-output>
          </reporter-output>
        </test-method> <!-- verify_StrikOffMBC -->
        <test-method is-config="true" signature="tearDown()[pri:0, instance:testCases.TC010_Strike_OffMBC@7db82169]" started-at="2024-11-01T17:43:53 IST" name="tearDown" finished-at="2024-11-01T17:43:55 IST" duration-ms="2066" status="PASS">
          <reporter-output>
          </reporter-output>
        </test-method> <!-- tearDown -->
      </class> <!-- testCases.TC010_Strike_OffMBC -->
      <class name="testCases.TC003_CreateRegAgent">
        <test-method is-config="true" signature="setup(java.lang.String,java.lang.String)[pri:0, instance:testCases.TC003_CreateRegAgent@10650953]" started-at="2024-11-01T17:39:43 IST" name="setup" finished-at="2024-11-01T17:40:02 IST" duration-ms="19276" status="PASS">
          <params>
            <param index="0">
              <value>
                <![CDATA[Windows]]>
              </value>
            </param>
            <param index="1">
              <value>
                <![CDATA[edge]]>
              </value>
            </param>
          </params>
          <reporter-output>
          </reporter-output>
        </test-method> <!-- setup -->
        <test-method signature="Verfiy_CreateRegAgent()[pri:0, instance:testCases.TC003_CreateRegAgent@10650953]" started-at="2024-11-01T17:40:02 IST" name="Verfiy_CreateRegAgent" finished-at="2024-11-01T17:40:08 IST" duration-ms="5379" status="PASS">
          <reporter-output>
          </reporter-output>
        </test-method> <!-- Verfiy_CreateRegAgent -->
        <test-method is-config="true" signature="tearDown()[pri:0, instance:testCases.TC003_CreateRegAgent@10650953]" started-at="2024-11-01T17:40:08 IST" name="tearDown" finished-at="2024-11-01T17:40:10 IST" duration-ms="2316" status="PASS">
          <reporter-output>
          </reporter-output>
        </test-method> <!-- tearDown -->
      </class> <!-- testCases.TC003_CreateRegAgent -->
      <class name="testCases.TC008_SearchMicroBusinessCompany">
        <test-method is-config="true" signature="setup(java.lang.String,java.lang.String)[pri:0, instance:testCases.TC008_SearchMicroBusinessCompany@55787112]" started-at="2024-11-01T17:42:10 IST" name="setup" finished-at="2024-11-01T17:42:31 IST" duration-ms="21482" status="PASS">
          <params>
            <param index="0">
              <value>
                <![CDATA[Windows]]>
              </value>
            </param>
            <param index="1">
              <value>
                <![CDATA[edge]]>
              </value>
            </param>
          </params>
          <reporter-output>
          </reporter-output>
        </test-method> <!-- setup -->
        <test-method signature="verify_SearchMicroBusinessCompany()[pri:0, instance:testCases.TC008_SearchMicroBusinessCompany@55787112]" started-at="2024-11-01T17:42:31 IST" name="verify_SearchMicroBusinessCompany" finished-at="2024-11-01T17:42:47 IST" duration-ms="15246" status="PASS">
          <reporter-output>
          </reporter-output>
        </test-method> <!-- verify_SearchMicroBusinessCompany -->
        <test-method is-config="true" signature="tearDown()[pri:0, instance:testCases.TC008_SearchMicroBusinessCompany@55787112]" started-at="2024-11-01T17:42:47 IST" name="tearDown" finished-at="2024-11-01T17:42:49 IST" duration-ms="1985" status="PASS">
          <reporter-output>
          </reporter-output>
        </test-method> <!-- tearDown -->
      </class> <!-- testCases.TC008_SearchMicroBusinessCompany -->
      <class name="testCases.TC004_ExtensionofTime">
        <test-method is-config="true" signature="setup(java.lang.String,java.lang.String)[pri:0, instance:testCases.TC004_ExtensionofTime@659eef7]" started-at="2024-11-01T17:40:10 IST" name="setup" finished-at="2024-11-01T17:40:30 IST" duration-ms="20430" status="PASS">
          <params>
            <param index="0">
              <value>
                <![CDATA[Windows]]>
              </value>
            </param>
            <param index="1">
              <value>
                <![CDATA[edge]]>
              </value>
            </param>
          </params>
          <reporter-output>
          </reporter-output>
        </test-method> <!-- setup -->
        <test-method signature="Verify_ExtensionofTime()[pri:0, instance:testCases.TC004_ExtensionofTime@659eef7]" started-at="2024-11-01T17:40:30 IST" name="Verify_ExtensionofTime" finished-at="2024-11-01T17:40:40 IST" duration-ms="9937" status="PASS">
          <reporter-output>
          </reporter-output>
        </test-method> <!-- Verify_ExtensionofTime -->
        <test-method is-config="true" signature="tearDown()[pri:0, instance:testCases.TC004_ExtensionofTime@659eef7]" started-at="2024-11-01T17:40:40 IST" name="tearDown" finished-at="2024-11-01T17:40:43 IST" duration-ms="2842" status="PASS">
          <reporter-output>
          </reporter-output>
        </test-method> <!-- tearDown -->
      </class> <!-- testCases.TC004_ExtensionofTime -->
      <class name="testCases.TC002_RegisterMBC">
        <test-method is-config="true" signature="setup(java.lang.String,java.lang.String)[pri:0, instance:testCases.TC002_RegisterMBC@4c6daf0]" started-at="2024-11-01T17:39:14 IST" name="setup" finished-at="2024-11-01T17:39:34 IST" duration-ms="19994" status="PASS">
          <params>
            <param index="0">
              <value>
                <![CDATA[Windows]]>
              </value>
            </param>
            <param index="1">
              <value>
                <![CDATA[edge]]>
              </value>
            </param>
          </params>
          <reporter-output>
          </reporter-output>
        </test-method> <!-- setup -->
        <test-method signature="Verify_RegisterMBC()[pri:0, instance:testCases.TC002_RegisterMBC@4c6daf0]" started-at="2024-11-01T17:39:34 IST" name="Verify_RegisterMBC" finished-at="2024-11-01T17:39:41 IST" duration-ms="6612" status="PASS">
          <reporter-output>
          </reporter-output>
        </test-method> <!-- Verify_RegisterMBC -->
        <test-method is-config="true" signature="tearDown()[pri:0, instance:testCases.TC002_RegisterMBC@4c6daf0]" started-at="2024-11-01T17:39:41 IST" name="tearDown" finished-at="2024-11-01T17:39:43 IST" duration-ms="2331" status="PASS">
          <reporter-output>
          </reporter-output>
        </test-method> <!-- tearDown -->
      </class> <!-- testCases.TC002_RegisterMBC -->
      <class name="testCases.TC001_LoginPageTest">
        <test-method is-config="true" signature="setup(java.lang.String,java.lang.String)[pri:0, instance:testCases.TC001_LoginPageTest@768ccdc5]" started-at="2024-11-01T17:38:36 IST" name="setup" finished-at="2024-11-01T17:39:04 IST" duration-ms="28473" status="PASS">
          <params>
            <param index="0">
              <value>
                <![CDATA[Windows]]>
              </value>
            </param>
            <param index="1">
              <value>
                <![CDATA[edge]]>
              </value>
            </param>
          </params>
          <reporter-output>
          </reporter-output>
        </test-method> <!-- setup -->
        <test-method signature="verify_loginpage()[pri:0, instance:testCases.TC001_LoginPageTest@768ccdc5]" started-at="2024-11-01T17:39:04 IST" name="verify_loginpage" finished-at="2024-11-01T17:39:06 IST" duration-ms="2225" status="PASS">
          <reporter-output>
          </reporter-output>
        </test-method> <!-- verify_loginpage -->
        <test-method is-config="true" signature="tearDown()[pri:0, instance:testCases.TC001_LoginPageTest@768ccdc5]" started-at="2024-11-01T17:39:06 IST" name="tearDown" finished-at="2024-11-01T17:39:14 IST" duration-ms="7829" status="PASS">
          <reporter-output>
          </reporter-output>
        </test-method> <!-- tearDown -->
      </class> <!-- testCases.TC001_LoginPageTest -->
      <class name="testCases.TC012_InvestigateMBC">
        <test-method is-config="true" signature="setup(java.lang.String,java.lang.String)[pri:0, instance:testCases.TC012_InvestigateMBC@f74e835]" started-at="2024-11-01T17:44:22 IST" name="setup" finished-at="2024-11-01T17:44:45 IST" duration-ms="22471" status="PASS">
          <params>
            <param index="0">
              <value>
                <![CDATA[Windows]]>
              </value>
            </param>
            <param index="1">
              <value>
                <![CDATA[edge]]>
              </value>
            </param>
          </params>
          <reporter-output>
          </reporter-output>
        </test-method> <!-- setup -->
        <test-method signature="Verify_TransferShares()[pri:0, instance:testCases.TC012_InvestigateMBC@f74e835]" started-at="2024-11-01T17:44:45 IST" name="Verify_TransferShares" finished-at="2024-11-01T17:44:57 IST" duration-ms="11910" status="FAIL">
          <exception class="java.lang.AssertionError">
            <message>
              <![CDATA[null]]>
            </message>
            <full-stacktrace>
              <![CDATA[java.lang.AssertionError: null
at org.testng.Assert.fail(Assert.java:111)
at org.testng.Assert.fail(Assert.java:116)
at testCases.TC012_InvestigateMBC.Verify_TransferShares(TC012_InvestigateMBC.java:60)
at java.base/jdk.internal.reflect.DirectMethodHandleAccessor.invoke(DirectMethodHandleAccessor.java:103)
at java.base/java.lang.reflect.Method.invoke(Method.java:580)
at org.testng.internal.invokers.MethodInvocationHelper.invokeMethod(MethodInvocationHelper.java:139)
at org.testng.internal.invokers.TestInvoker.invokeMethod(TestInvoker.java:664)
at org.testng.internal.invokers.TestInvoker.invokeTestMethod(TestInvoker.java:227)
at org.testng.internal.invokers.MethodRunner.runInSequence(MethodRunner.java:50)
at org.testng.internal.invokers.TestInvoker$MethodInvocationAgent.invoke(TestInvoker.java:957)
at org.testng.internal.invokers.TestInvoker.invokeTestMethods(TestInvoker.java:200)
at org.testng.internal.invokers.TestMethodWorker.invokeTestMethods(TestMethodWorker.java:148)
at org.testng.internal.invokers.TestMethodWorker.run(TestMethodWorker.java:128)
at java.base/java.util.ArrayList.forEach(ArrayList.java:1597)
at org.testng.TestRunner.privateRun(TestRunner.java:848)
at org.testng.TestRunner.run(TestRunner.java:621)
at org.testng.SuiteRunner.runTest(SuiteRunner.java:443)
at org.testng.SuiteRunner.runSequentially(SuiteRunner.java:437)
at org.testng.SuiteRunner.privateRun(SuiteRunner.java:397)
at org.testng.SuiteRunner.run(SuiteRunner.java:336)
at org.testng.SuiteRunnerWorker.runSuite(SuiteRunnerWorker.java:52)
at org.testng.SuiteRunnerWorker.run(SuiteRunnerWorker.java:95)
at org.testng.TestNG.runSuitesSequentially(TestNG.java:1280)
at org.testng.TestNG.runSuitesLocally(TestNG.java:1200)
at org.testng.TestNG.runSuites(TestNG.java:1114)
at org.testng.TestNG.run(TestNG.java:1082)
at org.testng.remote.AbstractRemoteTestNG.run(AbstractRemoteTestNG.java:115)
at org.testng.remote.RemoteTestNG.initAndRun(RemoteTestNG.java:293)
at org.testng.remote.RemoteTestNG.main(RemoteTestNG.java:91)
]]>
            </full-stacktrace>
          </exception> <!-- java.lang.AssertionError -->
          <reporter-output>
          </reporter-output>
        </test-method> <!-- Verify_TransferShares -->
        <test-method is-config="true" signature="tearDown()[pri:0, instance:testCases.TC012_InvestigateMBC@f74e835]" started-at="2024-11-01T17:44:57 IST" name="tearDown" finished-at="2024-11-01T17:44:59 IST" duration-ms="2200" status="PASS">
          <reporter-output>
          </reporter-output>
        </test-method> <!-- tearDown -->
      </class> <!-- testCases.TC012_InvestigateMBC -->
      <class name="testCases.TC007_TransferShares">
        <test-method is-config="true" signature="setup(java.lang.String,java.lang.String)[pri:0, instance:testCases.TC007_TransferShares@1c9f0a20]" started-at="2024-11-01T17:41:32 IST" name="setup" finished-at="2024-11-01T17:41:58 IST" duration-ms="25130" status="PASS">
          <params>
            <param index="0">
              <value>
                <![CDATA[Windows]]>
              </value>
            </param>
            <param index="1">
              <value>
                <![CDATA[edge]]>
              </value>
            </param>
          </params>
          <reporter-output>
          </reporter-output>
        </test-method> <!-- setup -->
        <test-method signature="verify_TransferShares()[pri:0, instance:testCases.TC007_TransferShares@1c9f0a20]" started-at="2024-11-01T17:41:58 IST" name="verify_TransferShares" finished-at="2024-11-01T17:42:08 IST" duration-ms="10592" status="PASS">
          <reporter-output>
          </reporter-output>
        </test-method> <!-- verify_TransferShares -->
        <test-method is-config="true" signature="tearDown()[pri:0, instance:testCases.TC007_TransferShares@1c9f0a20]" started-at="2024-11-01T17:42:08 IST" name="tearDown" finished-at="2024-11-01T17:42:10 IST" duration-ms="1636" status="PASS">
          <reporter-output>
          </reporter-output>
        </test-method> <!-- tearDown -->
      </class> <!-- testCases.TC007_TransferShares -->
      <class name="testCases.TC006_Amendment">
        <test-method is-config="true" signature="setup(java.lang.String,java.lang.String)[pri:0, instance:testCases.TC006_Amendment@2488b073]" started-at="2024-11-01T17:41:05 IST" name="setup" finished-at="2024-11-01T17:41:23 IST" duration-ms="17932" status="PASS">
          <params>
            <param index="0">
              <value>
                <![CDATA[Windows]]>
              </value>
            </param>
            <param index="1">
              <value>
                <![CDATA[edge]]>
              </value>
            </param>
          </params>
          <reporter-output>
          </reporter-output>
        </test-method> <!-- setup -->
        <test-method signature="verify_Amendment()[pri:0, instance:testCases.TC006_Amendment@2488b073]" started-at="2024-11-01T17:41:23 IST" name="verify_Amendment" finished-at="2024-11-01T17:41:30 IST" duration-ms="7164" status="PASS">
          <reporter-output>
          </reporter-output>
        </test-method> <!-- verify_Amendment -->
        <test-method is-config="true" signature="tearDown()[pri:0, instance:testCases.TC006_Amendment@2488b073]" started-at="2024-11-01T17:41:30 IST" name="tearDown" finished-at="2024-11-01T17:41:32 IST" duration-ms="2362" status="PASS">
          <reporter-output>
          </reporter-output>
        </test-method> <!-- tearDown -->
      </class> <!-- testCases.TC006_Amendment -->
      <class name="testCases.TC005_AnnualReturn">
        <test-method is-config="true" signature="setup(java.lang.String,java.lang.String)[pri:0, instance:testCases.TC005_AnnualReturn@162be91c]" started-at="2024-11-01T17:40:43 IST" name="setup" finished-at="2024-11-01T17:40:59 IST" duration-ms="16186" status="PASS">
          <params>
            <param index="0">
              <value>
                <![CDATA[Windows]]>
              </value>
            </param>
            <param index="1">
              <value>
                <![CDATA[edge]]>
              </value>
            </param>
          </params>
          <reporter-output>
          </reporter-output>
        </test-method> <!-- setup -->
        <test-method signature="verify_AnnualReturn()[pri:0, instance:testCases.TC005_AnnualReturn@162be91c]" started-at="2024-11-01T17:40:59 IST" name="verify_AnnualReturn" finished-at="2024-11-01T17:41:03 IST" duration-ms="3570" status="PASS">
          <reporter-output>
          </reporter-output>
        </test-method> <!-- verify_AnnualReturn -->
        <test-method is-config="true" signature="tearDown()[pri:0, instance:testCases.TC005_AnnualReturn@162be91c]" started-at="2024-11-01T17:41:03 IST" name="tearDown" finished-at="2024-11-01T17:41:05 IST" duration-ms="2088" status="PASS">
          <reporter-output>
          </reporter-output>
        </test-method> <!-- tearDown -->
      </class> <!-- testCases.TC005_AnnualReturn -->
      <class name="testCases.TC011_Loginwith_ROCAUser">
        <test-method is-config="true" signature="setup(java.lang.String,java.lang.String)[pri:0, instance:testCases.TC011_Loginwith_ROCAUser@1992eaf4]" started-at="2024-11-01T17:43:55 IST" name="setup" finished-at="2024-11-01T17:44:18 IST" duration-ms="23228" status="PASS">
          <params>
            <param index="0">
              <value>
                <![CDATA[Windows]]>
              </value>
            </param>
            <param index="1">
              <value>
                <![CDATA[edge]]>
              </value>
            </param>
          </params>
          <reporter-output>
          </reporter-output>
        </test-method> <!-- setup -->
        <test-method signature="Verify_Login_ROCAUser()[pri:0, instance:testCases.TC011_Loginwith_ROCAUser@1992eaf4]" started-at="2024-11-01T17:44:18 IST" name="Verify_Login_ROCAUser" finished-at="2024-11-01T17:44:20 IST" duration-ms="2194" status="PASS">
          <reporter-output>
          </reporter-output>
        </test-method> <!-- Verify_Login_ROCAUser -->
        <test-method is-config="true" signature="tearDown()[pri:0, instance:testCases.TC011_Loginwith_ROCAUser@1992eaf4]" started-at="2024-11-01T17:44:20 IST" name="tearDown" finished-at="2024-11-01T17:44:22 IST" duration-ms="2238" status="PASS">
          <reporter-output>
          </reporter-output>
        </test-method> <!-- tearDown -->
      </class> <!-- testCases.TC011_Loginwith_ROCAUser -->
    </test> <!-- edgeTest -->
    <test started-at="2024-11-01T17:45:28 IST" name="firefoxTest" finished-at="2024-11-01T17:51:38 IST" duration-ms="369214">
      <class name="testCases.TC009_ProtfolioTransactionSummary">
        <test-method is-config="true" signature="setup(java.lang.String,java.lang.String)[pri:0, instance:testCases.TC009_ProtfolioTransactionSummary@48c35007]" started-at="2024-11-01T17:49:27 IST" name="setup" finished-at="2024-11-01T17:49:39 IST" duration-ms="12112" status="PASS">
          <params>
            <param index="0">
              <value>
                <![CDATA[Windows]]>
              </value>
            </param>
            <param index="1">
              <value>
                <![CDATA[firefox]]>
              </value>
            </param>
          </params>
          <reporter-output>
          </reporter-output>
        </test-method> <!-- setup -->
        <test-method signature="verifyProfolioTransactionSummary()[pri:0, instance:testCases.TC009_ProtfolioTransactionSummary@48c35007]" started-at="2024-11-01T17:49:39 IST" name="verifyProfolioTransactionSummary" finished-at="2024-11-01T17:50:01 IST" duration-ms="21693" status="PASS">
          <reporter-output>
          </reporter-output>
        </test-method> <!-- verifyProfolioTransactionSummary -->
        <test-method is-config="true" signature="tearDown()[pri:0, instance:testCases.TC009_ProtfolioTransactionSummary@48c35007]" started-at="2024-11-01T17:50:01 IST" name="tearDown" finished-at="2024-11-01T17:50:04 IST" duration-ms="3124" status="PASS">
          <reporter-output>
          </reporter-output>
        </test-method> <!-- tearDown -->
      </class> <!-- testCases.TC009_ProtfolioTransactionSummary -->
      <class name="testCases.TC013_CreateRAUser">
        <test-method is-config="true" signature="setup(java.lang.String,java.lang.String)[pri:0, instance:testCases.TC013_CreateRAUser@4ae33a11]" started-at="2024-11-01T17:51:10 IST" name="setup" finished-at="2024-11-01T17:51:27 IST" duration-ms="16224" status="PASS">
          <params>
            <param index="0">
              <value>
                <![CDATA[Windows]]>
              </value>
            </param>
            <param index="1">
              <value>
                <![CDATA[firefox]]>
              </value>
            </param>
          </params>
          <reporter-output>
          </reporter-output>
        </test-method> <!-- setup -->
        <test-method signature="verify_CreateRAUser()[pri:0, instance:testCases.TC013_CreateRAUser@4ae33a11]" started-at="2024-11-01T17:51:27 IST" name="verify_CreateRAUser" finished-at="2024-11-01T17:51:30 IST" duration-ms="3268" status="PASS">
          <reporter-output>
          </reporter-output>
        </test-method> <!-- verify_CreateRAUser -->
        <test-method is-config="true" signature="tearDown()[pri:0, instance:testCases.TC013_CreateRAUser@4ae33a11]" started-at="2024-11-01T17:51:30 IST" name="tearDown" finished-at="2024-11-01T17:51:38 IST" duration-ms="7789" status="PASS">
          <reporter-output>
          </reporter-output>
        </test-method> <!-- tearDown -->
      </class> <!-- testCases.TC013_CreateRAUser -->
      <class name="testCases.TC010_Strike_OffMBC">
        <test-method is-config="true" signature="setup(java.lang.String,java.lang.String)[pri:0, instance:testCases.TC010_Strike_OffMBC@72a85671]" started-at="2024-11-01T17:50:04 IST" name="setup" finished-at="2024-11-01T17:50:15 IST" duration-ms="10481" status="PASS">
          <params>
            <param index="0">
              <value>
                <![CDATA[Windows]]>
              </value>
            </param>
            <param index="1">
              <value>
                <![CDATA[firefox]]>
              </value>
            </param>
          </params>
          <reporter-output>
          </reporter-output>
        </test-method> <!-- setup -->
        <test-method signature="verify_StrikOffMBC()[pri:0, instance:testCases.TC010_Strike_OffMBC@72a85671]" started-at="2024-11-01T17:50:15 IST" name="verify_StrikOffMBC" finished-at="2024-11-01T17:50:20 IST" duration-ms="5598" status="PASS">
          <reporter-output>
          </reporter-output>
        </test-method> <!-- verify_StrikOffMBC -->
        <test-method is-config="true" signature="tearDown()[pri:0, instance:testCases.TC010_Strike_OffMBC@72a85671]" started-at="2024-11-01T17:50:20 IST" name="tearDown" finished-at="2024-11-01T17:50:23 IST" duration-ms="2577" status="PASS">
          <reporter-output>
          </reporter-output>
        </test-method> <!-- tearDown -->
      </class> <!-- testCases.TC010_Strike_OffMBC -->
      <class name="testCases.TC003_CreateRegAgent">
        <test-method is-config="true" signature="setup(java.lang.String,java.lang.String)[pri:0, instance:testCases.TC003_CreateRegAgent@21d8bcbe]" started-at="2024-11-01T17:46:25 IST" name="setup" finished-at="2024-11-01T17:46:36 IST" duration-ms="10421" status="PASS">
          <params>
            <param index="0">
              <value>
                <![CDATA[Windows]]>
              </value>
            </param>
            <param index="1">
              <value>
                <![CDATA[firefox]]>
              </value>
            </param>
          </params>
          <reporter-output>
          </reporter-output>
        </test-method> <!-- setup -->
        <test-method signature="Verfiy_CreateRegAgent()[pri:0, instance:testCases.TC003_CreateRegAgent@21d8bcbe]" started-at="2024-11-01T17:46:36 IST" name="Verfiy_CreateRegAgent" finished-at="2024-11-01T17:46:39 IST" duration-ms="3452" status="PASS">
          <reporter-output>
          </reporter-output>
        </test-method> <!-- Verfiy_CreateRegAgent -->
        <test-method is-config="true" signature="tearDown()[pri:0, instance:testCases.TC003_CreateRegAgent@21d8bcbe]" started-at="2024-11-01T17:46:39 IST" name="tearDown" finished-at="2024-11-01T17:46:43 IST" duration-ms="4064" status="PASS">
          <reporter-output>
          </reporter-output>
        </test-method> <!-- tearDown -->
      </class> <!-- testCases.TC003_CreateRegAgent -->
      <class name="testCases.TC008_SearchMicroBusinessCompany">
        <test-method is-config="true" signature="setup(java.lang.String,java.lang.String)[pri:0, instance:testCases.TC008_SearchMicroBusinessCompany@24fb6a80]" started-at="2024-11-01T17:48:40 IST" name="setup" finished-at="2024-11-01T17:48:52 IST" duration-ms="11144" status="PASS">
          <params>
            <param index="0">
              <value>
                <![CDATA[Windows]]>
              </value>
            </param>
            <param index="1">
              <value>
                <![CDATA[firefox]]>
              </value>
            </param>
          </params>
          <reporter-output>
          </reporter-output>
        </test-method> <!-- setup -->
        <test-method signature="verify_SearchMicroBusinessCompany()[pri:0, instance:testCases.TC008_SearchMicroBusinessCompany@24fb6a80]" started-at="2024-11-01T17:48:52 IST" name="verify_SearchMicroBusinessCompany" finished-at="2024-11-01T17:49:24 IST" duration-ms="32901" status="PASS">
          <reporter-output>
          </reporter-output>
        </test-method> <!-- verify_SearchMicroBusinessCompany -->
        <test-method is-config="true" signature="tearDown()[pri:0, instance:testCases.TC008_SearchMicroBusinessCompany@24fb6a80]" started-at="2024-11-01T17:49:24 IST" name="tearDown" finished-at="2024-11-01T17:49:27 IST" duration-ms="2618" status="PASS">
          <reporter-output>
          </reporter-output>
        </test-method> <!-- tearDown -->
      </class> <!-- testCases.TC008_SearchMicroBusinessCompany -->
      <class name="testCases.TC004_ExtensionofTime">
        <test-method is-config="true" signature="setup(java.lang.String,java.lang.String)[pri:0, instance:testCases.TC004_ExtensionofTime@5be067de]" started-at="2024-11-01T17:46:43 IST" name="setup" finished-at="2024-11-01T17:47:01 IST" duration-ms="17634" status="PASS">
          <params>
            <param index="0">
              <value>
                <![CDATA[Windows]]>
              </value>
            </param>
            <param index="1">
              <value>
                <![CDATA[firefox]]>
              </value>
            </param>
          </params>
          <reporter-output>
          </reporter-output>
        </test-method> <!-- setup -->
        <test-method signature="Verify_ExtensionofTime()[pri:0, instance:testCases.TC004_ExtensionofTime@5be067de]" started-at="2024-11-01T17:47:01 IST" name="Verify_ExtensionofTime" finished-at="2024-11-01T17:47:11 IST" duration-ms="9872" status="PASS">
          <reporter-output>
          </reporter-output>
        </test-method> <!-- Verify_ExtensionofTime -->
        <test-method is-config="true" signature="tearDown()[pri:0, instance:testCases.TC004_ExtensionofTime@5be067de]" started-at="2024-11-01T17:47:11 IST" name="tearDown" finished-at="2024-11-01T17:47:14 IST" duration-ms="3062" status="PASS">
          <reporter-output>
          </reporter-output>
        </test-method> <!-- tearDown -->
      </class> <!-- testCases.TC004_ExtensionofTime -->
      <class name="testCases.TC002_RegisterMBC">
        <test-method is-config="true" signature="setup(java.lang.String,java.lang.String)[pri:0, instance:testCases.TC002_RegisterMBC@19fe4644]" started-at="2024-11-01T17:46:01 IST" name="setup" finished-at="2024-11-01T17:46:15 IST" duration-ms="13334" status="PASS">
          <params>
            <param index="0">
              <value>
                <![CDATA[Windows]]>
              </value>
            </param>
            <param index="1">
              <value>
                <![CDATA[firefox]]>
              </value>
            </param>
          </params>
          <reporter-output>
          </reporter-output>
        </test-method> <!-- setup -->
        <test-method signature="Verify_RegisterMBC()[pri:0, instance:testCases.TC002_RegisterMBC@19fe4644]" started-at="2024-11-01T17:46:15 IST" name="Verify_RegisterMBC" finished-at="2024-11-01T17:46:22 IST" duration-ms="7240" status="PASS">
          <reporter-output>
          </reporter-output>
        </test-method> <!-- Verify_RegisterMBC -->
        <test-method is-config="true" signature="tearDown()[pri:0, instance:testCases.TC002_RegisterMBC@19fe4644]" started-at="2024-11-01T17:46:22 IST" name="tearDown" finished-at="2024-11-01T17:46:25 IST" duration-ms="3448" status="PASS">
          <reporter-output>
          </reporter-output>
        </test-method> <!-- tearDown -->
      </class> <!-- testCases.TC002_RegisterMBC -->
      <class name="testCases.TC001_LoginPageTest">
        <test-method is-config="true" signature="setup(java.lang.String,java.lang.String)[pri:0, instance:testCases.TC001_LoginPageTest@31e3250d]" started-at="2024-11-01T17:45:28 IST" name="setup" finished-at="2024-11-01T17:45:54 IST" duration-ms="25214" status="PASS">
          <params>
            <param index="0">
              <value>
                <![CDATA[Windows]]>
              </value>
            </param>
            <param index="1">
              <value>
                <![CDATA[firefox]]>
              </value>
            </param>
          </params>
          <reporter-output>
          </reporter-output>
        </test-method> <!-- setup -->
        <test-method signature="verify_loginpage()[pri:0, instance:testCases.TC001_LoginPageTest@31e3250d]" started-at="2024-11-01T17:45:54 IST" name="verify_loginpage" finished-at="2024-11-01T17:45:56 IST" duration-ms="2812" status="PASS">
          <reporter-output>
          </reporter-output>
        </test-method> <!-- verify_loginpage -->
        <test-method is-config="true" signature="tearDown()[pri:0, instance:testCases.TC001_LoginPageTest@31e3250d]" started-at="2024-11-01T17:45:56 IST" name="tearDown" finished-at="2024-11-01T17:46:01 IST" duration-ms="4720" status="PASS">
          <reporter-output>
          </reporter-output>
        </test-method> <!-- tearDown -->
      </class> <!-- testCases.TC001_LoginPageTest -->
      <class name="testCases.TC012_InvestigateMBC">
        <test-method is-config="true" signature="setup(java.lang.String,java.lang.String)[pri:0, instance:testCases.TC012_InvestigateMBC@18f20260]" started-at="2024-11-01T17:50:40 IST" name="setup" finished-at="2024-11-01T17:50:55 IST" duration-ms="15335" status="PASS">
          <params>
            <param index="0">
              <value>
                <![CDATA[Windows]]>
              </value>
            </param>
            <param index="1">
              <value>
                <![CDATA[firefox]]>
              </value>
            </param>
          </params>
          <reporter-output>
          </reporter-output>
        </test-method> <!-- setup -->
        <test-method signature="Verify_TransferShares()[pri:0, instance:testCases.TC012_InvestigateMBC@18f20260]" started-at="2024-11-01T17:50:55 IST" name="Verify_TransferShares" finished-at="2024-11-01T17:51:07 IST" duration-ms="12073" status="FAIL">
          <exception class="java.lang.AssertionError">
            <message>
              <![CDATA[null]]>
            </message>
            <full-stacktrace>
              <![CDATA[java.lang.AssertionError: null
at org.testng.Assert.fail(Assert.java:111)
at org.testng.Assert.fail(Assert.java:116)
at testCases.TC012_InvestigateMBC.Verify_TransferShares(TC012_InvestigateMBC.java:60)
at java.base/jdk.internal.reflect.DirectMethodHandleAccessor.invoke(DirectMethodHandleAccessor.java:103)
at java.base/java.lang.reflect.Method.invoke(Method.java:580)
at org.testng.internal.invokers.MethodInvocationHelper.invokeMethod(MethodInvocationHelper.java:139)
at org.testng.internal.invokers.TestInvoker.invokeMethod(TestInvoker.java:664)
at org.testng.internal.invokers.TestInvoker.invokeTestMethod(TestInvoker.java:227)
at org.testng.internal.invokers.MethodRunner.runInSequence(MethodRunner.java:50)
at org.testng.internal.invokers.TestInvoker$MethodInvocationAgent.invoke(TestInvoker.java:957)
at org.testng.internal.invokers.TestInvoker.invokeTestMethods(TestInvoker.java:200)
at org.testng.internal.invokers.TestMethodWorker.invokeTestMethods(TestMethodWorker.java:148)
at org.testng.internal.invokers.TestMethodWorker.run(TestMethodWorker.java:128)
at java.base/java.util.ArrayList.forEach(ArrayList.java:1597)
at org.testng.TestRunner.privateRun(TestRunner.java:848)
at org.testng.TestRunner.run(TestRunner.java:621)
at org.testng.SuiteRunner.runTest(SuiteRunner.java:443)
at org.testng.SuiteRunner.runSequentially(SuiteRunner.java:437)
at org.testng.SuiteRunner.privateRun(SuiteRunner.java:397)
at org.testng.SuiteRunner.run(SuiteRunner.java:336)
at org.testng.SuiteRunnerWorker.runSuite(SuiteRunnerWorker.java:52)
at org.testng.SuiteRunnerWorker.run(SuiteRunnerWorker.java:95)
at org.testng.TestNG.runSuitesSequentially(TestNG.java:1280)
at org.testng.TestNG.runSuitesLocally(TestNG.java:1200)
at org.testng.TestNG.runSuites(TestNG.java:1114)
at org.testng.TestNG.run(TestNG.java:1082)
at org.testng.remote.AbstractRemoteTestNG.run(AbstractRemoteTestNG.java:115)
at org.testng.remote.RemoteTestNG.initAndRun(RemoteTestNG.java:293)
at org.testng.remote.RemoteTestNG.main(RemoteTestNG.java:91)
]]>
            </full-stacktrace>
          </exception> <!-- java.lang.AssertionError -->
          <reporter-output>
          </reporter-output>
        </test-method> <!-- Verify_TransferShares -->
        <test-method is-config="true" signature="tearDown()[pri:0, instance:testCases.TC012_InvestigateMBC@18f20260]" started-at="2024-11-01T17:51:07 IST" name="tearDown" finished-at="2024-11-01T17:51:10 IST" duration-ms="3227" status="PASS">
          <reporter-output>
          </reporter-output>
        </test-method> <!-- tearDown -->
      </class> <!-- testCases.TC012_InvestigateMBC -->
      <class name="testCases.TC007_TransferShares">
        <test-method is-config="true" signature="setup(java.lang.String,java.lang.String)[pri:0, instance:testCases.TC007_TransferShares@7c7d3c46]" started-at="2024-11-01T17:48:00 IST" name="setup" finished-at="2024-11-01T17:48:12 IST" duration-ms="11659" status="PASS">
          <params>
            <param index="0">
              <value>
                <![CDATA[Windows]]>
              </value>
            </param>
            <param index="1">
              <value>
                <![CDATA[firefox]]>
              </value>
            </param>
          </params>
          <reporter-output>
          </reporter-output>
        </test-method> <!-- setup -->
        <test-method signature="verify_TransferShares()[pri:0, instance:testCases.TC007_TransferShares@7c7d3c46]" started-at="2024-11-01T17:48:12 IST" name="verify_TransferShares" finished-at="2024-11-01T17:48:38 IST" duration-ms="26363" status="PASS">
          <reporter-output>
          </reporter-output>
        </test-method> <!-- verify_TransferShares -->
        <test-method is-config="true" signature="tearDown()[pri:0, instance:testCases.TC007_TransferShares@7c7d3c46]" started-at="2024-11-01T17:48:38 IST" name="tearDown" finished-at="2024-11-01T17:48:40 IST" duration-ms="2375" status="PASS">
          <reporter-output>
          </reporter-output>
        </test-method> <!-- tearDown -->
      </class> <!-- testCases.TC007_TransferShares -->
      <class name="testCases.TC006_Amendment">
        <test-method is-config="true" signature="setup(java.lang.String,java.lang.String)[pri:0, instance:testCases.TC006_Amendment@18245eb0]" started-at="2024-11-01T17:47:38 IST" name="setup" finished-at="2024-11-01T17:47:50 IST" duration-ms="12026" status="PASS">
          <params>
            <param index="0">
              <value>
                <![CDATA[Windows]]>
              </value>
            </param>
            <param index="1">
              <value>
                <![CDATA[firefox]]>
              </value>
            </param>
          </params>
          <reporter-output>
          </reporter-output>
        </test-method> <!-- setup -->
        <test-method signature="verify_Amendment()[pri:0, instance:testCases.TC006_Amendment@18245eb0]" started-at="2024-11-01T17:47:50 IST" name="verify_Amendment" finished-at="2024-11-01T17:47:57 IST" duration-ms="6911" status="PASS">
          <reporter-output>
          </reporter-output>
        </test-method> <!-- verify_Amendment -->
        <test-method is-config="true" signature="tearDown()[pri:0, instance:testCases.TC006_Amendment@18245eb0]" started-at="2024-11-01T17:47:57 IST" name="tearDown" finished-at="2024-11-01T17:48:00 IST" duration-ms="3245" status="PASS">
          <reporter-output>
          </reporter-output>
        </test-method> <!-- tearDown -->
      </class> <!-- testCases.TC006_Amendment -->
      <class name="testCases.TC005_AnnualReturn">
        <test-method is-config="true" signature="setup(java.lang.String,java.lang.String)[pri:0, instance:testCases.TC005_AnnualReturn@7383eae2]" started-at="2024-11-01T17:47:14 IST" name="setup" finished-at="2024-11-01T17:47:32 IST" duration-ms="17950" status="PASS">
          <params>
            <param index="0">
              <value>
                <![CDATA[Windows]]>
              </value>
            </param>
            <param index="1">
              <value>
                <![CDATA[firefox]]>
              </value>
            </param>
          </params>
          <reporter-output>
          </reporter-output>
        </test-method> <!-- setup -->
        <test-method signature="verify_AnnualReturn()[pri:0, instance:testCases.TC005_AnnualReturn@7383eae2]" started-at="2024-11-01T17:47:32 IST" name="verify_AnnualReturn" finished-at="2024-11-01T17:47:35 IST" duration-ms="3189" status="PASS">
          <reporter-output>
          </reporter-output>
        </test-method> <!-- verify_AnnualReturn -->
        <test-method is-config="true" signature="tearDown()[pri:0, instance:testCases.TC005_AnnualReturn@7383eae2]" started-at="2024-11-01T17:47:35 IST" name="tearDown" finished-at="2024-11-01T17:47:38 IST" duration-ms="2991" status="PASS">
          <reporter-output>
          </reporter-output>
        </test-method> <!-- tearDown -->
      </class> <!-- testCases.TC005_AnnualReturn -->
      <class name="testCases.TC011_Loginwith_ROCAUser">
        <test-method is-config="true" signature="setup(java.lang.String,java.lang.String)[pri:0, instance:testCases.TC011_Loginwith_ROCAUser@6722db6e]" started-at="2024-11-01T17:50:23 IST" name="setup" finished-at="2024-11-01T17:50:35 IST" duration-ms="12794" status="PASS">
          <params>
            <param index="0">
              <value>
                <![CDATA[Windows]]>
              </value>
            </param>
            <param index="1">
              <value>
                <![CDATA[firefox]]>
              </value>
            </param>
          </params>
          <reporter-output>
          </reporter-output>
        </test-method> <!-- setup -->
        <test-method signature="Verify_Login_ROCAUser()[pri:0, instance:testCases.TC011_Loginwith_ROCAUser@6722db6e]" started-at="2024-11-01T17:50:35 IST" name="Verify_Login_ROCAUser" finished-at="2024-11-01T17:50:36 IST" duration-ms="978" status="PASS">
          <reporter-output>
          </reporter-output>
        </test-method> <!-- Verify_Login_ROCAUser -->
        <test-method is-config="true" signature="tearDown()[pri:0, instance:testCases.TC011_Loginwith_ROCAUser@6722db6e]" started-at="2024-11-01T17:50:36 IST" name="tearDown" finished-at="2024-11-01T17:50:40 IST" duration-ms="3048" status="PASS">
          <reporter-output>
          </reporter-output>
        </test-method> <!-- tearDown -->
      </class> <!-- testCases.TC011_Loginwith_ROCAUser -->
    </test> <!-- firefoxTest -->
  </suite> <!-- Suite -->
</testng-results>
